<?xml version="1.0" encoding="UTF-8"?>
<testsuite name="LabelServiceTest" tests="5" skipped="0" failures="0" errors="0" timestamp="2025-11-03T08:16:24.700Z" hostname="DESKTOP-96MPVRF" time="2.126">
  <properties/>
  <testcase name="givenWriterShouldDelete()" classname="LabelServiceTest" time="2.017"/>
  <testcase name="shouldReturnAll()" classname="LabelServiceTest" time="0.031"/>
  <testcase name="givenWriterShouldUpdate()" classname="LabelServiceTest" time="0.021"/>
  <testcase name="givenWriterShouldSave()" classname="LabelServiceTest" time="0.032"/>
  <testcase name="shouldGetWriterById()" classname="LabelServiceTest" time="0.009"/>
  <system-out><![CDATA[]]></system-out>
  <system-err><![CDATA[WARNING: A Java agent has been loaded dynamically (C:\Users\User\.gradle\caches\modules-2\files-2.1\net.bytebuddy\byte-buddy-agent\1.14.15\b4cc9d88d5de562bf75b3a54ab436ad01b3f72d\byte-buddy-agent-1.14.15.jar)
WARNING: If a serviceability tool is in use, please run with -XX:+EnableDynamicAgentLoading to hide this warning
WARNING: If a serviceability tool is not in use, please run with -Djdk.instrument.traceUsage for more information
WARNING: Dynamic loading of agents will be disallowed by default in a future release
]]></system-err>
</testsuite>
